{"level":"info","message":"getUserPosts 1: userId: 522c952266eeae5186000001","timestamp":"2013-09-08T15:18:20.775Z"}
{"level":"info","message":"getUserPosts 2: ","timestamp":"2013-09-08T15:18:20.775Z"}
{"level":"info","message":"getUserPosts 1: userId: 5233f7a63c541dc79b000001","timestamp":"2013-09-14T05:44:34.286Z"}
{"level":"info","message":"getUserPosts 2: ","timestamp":"2013-09-14T05:44:34.287Z"}
{"level":"info","message":"getUserPosts 1: userId: 522c952266eeae5186000001","timestamp":"2013-09-14T06:32:17.786Z"}
{"level":"info","message":"getUserPosts 2: ","timestamp":"2013-09-14T06:32:17.787Z"}
{"level":"info","message":"getUserPosts 3: ","timestamp":"2013-09-14T06:32:17.789Z"}
{"level":"info","message":"getUserPosts 5: ","timestamp":"2013-09-14T06:32:17.789Z"}
{"level":"info","message":"getUserPosts 1: userId: 5233f7a63c541dc79b000001","timestamp":"2013-09-14T15:02:40.703Z"}
{"level":"info","message":"getUserPosts 2: ","timestamp":"2013-09-14T15:02:40.704Z"}
{"level":"info","message":"getUserPosts 1: userId: 5233f7a63c541dc79b000001","timestamp":"2013-09-14T16:18:45.259Z"}
{"level":"info","message":"getUserPosts 2: ","timestamp":"2013-09-14T16:18:45.259Z"}
{"level":"info","message":"getUserPosts 1: userId: 5233f7a63c541dc79b000001","timestamp":"2013-09-15T06:47:40.116Z"}
{"level":"info","message":"getUserPosts 2: ","timestamp":"2013-09-15T06:47:40.116Z"}
{"level":"info","message":"getUserPosts 1: userId: 5233f7a63c541dc79b000001","timestamp":"2013-09-15T06:56:53.881Z"}
{"level":"info","message":"getUserPosts 2: ","timestamp":"2013-09-15T06:56:53.881Z"}
{"level":"info","message":"getUserPosts 1: userId: 5233f7a63c541dc79b000001","timestamp":"2013-09-15T07:19:04.540Z"}
{"level":"info","message":"getUserPosts 2: ","timestamp":"2013-09-15T07:19:04.541Z"}
{"level":"info","message":"getUserPosts 1: userId: 5233f7a63c541dc79b000001","timestamp":"2013-09-15T07:24:24.482Z"}
{"level":"info","message":"getUserPosts 2: ","timestamp":"2013-09-15T07:24:24.482Z"}
{"level":"info","message":"getUserPosts 1: userId: 5233f7a63c541dc79b000001","timestamp":"2013-09-15T07:29:36.171Z"}
{"level":"info","message":"getUserPosts 2: ","timestamp":"2013-09-15T07:29:36.172Z"}
{"level":"info","message":"getUserPosts 1: userId: 5233f7a63c541dc79b000001","timestamp":"2013-09-15T07:37:29.316Z"}
{"level":"info","message":"getUserPosts 2: ","timestamp":"2013-09-15T07:37:29.317Z"}
{"level":"info","message":"getUserPosts 3: ","timestamp":"2013-09-15T07:37:29.322Z"}
{"level":"info","message":"getUserPosts 5: ","timestamp":"2013-09-15T07:37:29.322Z"}
{"level":"info","message":"getUserPosts 1: userId: 5233f7a63c541dc79b000001","timestamp":"2013-09-15T08:01:31.841Z"}
{"level":"info","message":"getUserPosts 2: ","timestamp":"2013-09-15T08:01:31.841Z"}
{"level":"info","message":"getUserPosts 1: userId: 5233f7a63c541dc79b000001","timestamp":"2013-09-15T08:04:19.191Z"}
{"level":"info","message":"getUserPosts 2: ","timestamp":"2013-09-15T08:04:19.192Z"}
{"level":"info","message":"getUserPosts 1: userId: 5233f7a63c541dc79b000001","timestamp":"2013-09-15T08:06:45.205Z"}
{"level":"info","message":"getUserPosts 2: ","timestamp":"2013-09-15T08:06:45.205Z"}
{"level":"info","message":"getUserPosts 1: userId: 5233f7a63c541dc79b000001","timestamp":"2013-09-15T08:22:29.736Z"}
{"level":"info","message":"getUserPosts 2: ","timestamp":"2013-09-15T08:22:29.736Z"}
{"level":"info","message":"getUserPosts 1: userId: 5233f7a63c541dc79b000001","timestamp":"2013-09-15T08:25:51.454Z"}
{"level":"info","message":"getUserPosts 2: ","timestamp":"2013-09-15T08:25:51.455Z"}
{"level":"info","message":"getUserPosts 1: userId: 5233f7a63c541dc79b000001","timestamp":"2013-09-15T08:35:04.464Z"}
{"level":"info","message":"getUserPosts 2: ","timestamp":"2013-09-15T08:35:04.464Z"}
{"level":"info","message":"getUserPosts 1: userId: 5233f7a63c541dc79b000001","timestamp":"2013-09-15T08:37:07.317Z"}
{"level":"info","message":"getUserPosts 2: ","timestamp":"2013-09-15T08:37:07.317Z"}
{"level":"info","message":"getUserPosts 1: userId: 5233f7a63c541dc79b000001","timestamp":"2013-09-15T08:39:33.741Z"}
{"level":"info","message":"getUserPosts 2: ","timestamp":"2013-09-15T08:39:33.741Z"}
{"level":"info","message":"getUserPosts 1: userId: 5233f7a63c541dc79b000001","timestamp":"2013-09-15T15:18:06.010Z"}
{"level":"info","message":"getUserPosts 2: ","timestamp":"2013-09-15T15:18:06.010Z"}
{"level":"info","message":"getUserPosts 1: userId: 5233f7a63c541dc79b000001","timestamp":"2013-09-15T15:25:51.510Z"}
{"level":"info","message":"getUserPosts 2: ","timestamp":"2013-09-15T15:25:51.512Z"}
{"level":"info","message":"getUserPosts 1: userId: 5233f7a63c541dc79b000001","timestamp":"2013-09-15T15:33:57.996Z"}
{"level":"info","message":"getUserPosts 2: ","timestamp":"2013-09-15T15:33:57.996Z"}
{"level":"info","message":"getUserPosts 1: userId: 5233f7a63c541dc79b000001","timestamp":"2013-09-15T15:37:51.154Z"}
{"level":"info","message":"getUserPosts 2: ","timestamp":"2013-09-15T15:37:51.154Z"}
{"level":"info","message":"getUserPosts 1: userId: 5233f7a63c541dc79b000001","timestamp":"2013-09-15T15:54:41.850Z"}
{"level":"info","message":"getUserPosts 2: ","timestamp":"2013-09-15T15:54:41.850Z"}
{"level":"info","message":"getUserPosts 1: userId: 5233f7a63c541dc79b000001","timestamp":"2013-09-15T15:56:40.074Z"}
{"level":"info","message":"getUserPosts 2: ","timestamp":"2013-09-15T15:56:40.074Z"}
{"level":"info","message":"getUserPosts 1: userId: 5233f7a63c541dc79b000001","timestamp":"2013-09-15T16:04:40.455Z"}
{"level":"info","message":"getUserPosts 2: ","timestamp":"2013-09-15T16:04:40.455Z"}
{"level":"info","message":"getUserPosts 1: userId: 5233f7a63c541dc79b000001","timestamp":"2013-09-15T16:16:03.201Z"}
{"level":"info","message":"getUserPosts 2: ","timestamp":"2013-09-15T16:16:03.201Z"}
{"level":"info","message":"getUserPosts 1: userId: 5233f7a63c541dc79b000001","timestamp":"2013-09-15T16:23:23.799Z"}
{"level":"info","message":"getUserPosts 2: ","timestamp":"2013-09-15T16:23:23.799Z"}
{"level":"info","message":"getUserPosts 1: userId: 5233f7a63c541dc79b000001","timestamp":"2013-09-20T04:50:31.417Z"}
{"level":"info","message":"getUserPosts 2: ","timestamp":"2013-09-20T04:50:31.417Z"}
{"level":"info","message":"getUserPosts 1: userId: 522c952266eeae5186000001","timestamp":"2013-09-22T02:32:24.135Z"}
{"level":"info","message":"getUserPosts 2: ","timestamp":"2013-09-22T02:32:24.135Z"}
{"level":"info","message":"Response: <!DOCTYPE HTML PUBLIC \"-//IETF//DTD HTML 2.0//EN\">\n<html><head>\n<title>400 Bad Request</title>\n</head><body>\n<h1>Bad Request</h1>\n<p>Your browser sent a request that this server could not understand.<br />\n</p>\n</body></html>\n","timestamp":"2013-09-22T16:13:54.060Z"}
{"level":"info","message":"Response: <!DOCTYPE HTML PUBLIC \"-//IETF//DTD HTML 2.0//EN\">\n<html><head>\n<title>400 Bad Request</title>\n</head><body>\n<h1>Bad Request</h1>\n<p>Your browser sent a request that this server could not understand.<br />\n</p>\n</body></html>\n","timestamp":"2013-09-22T16:27:02.872Z"}
{"level":"info","message":"Response --- : <!DOCTYPE HTML PUBLIC \"-//IETF//DTD HTML 2.0//EN\">\n<html><head>\n<title>400 Bad Request</title>\n</head><body>\n<h1>Bad Request</h1>\n<p>Your browser sent a request that this server could not understand.<br />\n</p>\n</body></html>\n","timestamp":"2013-09-22T16:28:56.793Z"}
{"level":"info","message":"|","timestamp":"2013-09-22T16:30:29.754Z"}
{"level":"info","message":"|","timestamp":"2013-09-22T16:30:29.756Z"}
{"level":"info","message":"| publishDoc  <!DOCTYPE html>\n<html xmlns=\"http://www.w3.org/1999/xhtml\"  lang=\"en\">\n    <head>\n\n        <meta charset=\"utf-8\" />\n        <meta name=\"viewport\" content=\"initial-scale=1.0, width=device-width\">\n\n        <title>Home :. fourfivesix.ca</title>\n\n        <link rel=\"stylesheet\" type=\"text/css\" href=\"/css/style.css\">\n    </head>\n    <body class=\"home-page\">\n        <div class=\"viewport\">\n            <header class=\"page-header\" data-region=\"pageHeaderRegion\">\n\n                <a class=\"header-home-link\" href=\"/\" title=\"fourfivesix home\">\n                   home\n                </a>\n                <h1>fourfivesix</h1>\n\n            </header>\n\n            <nav class=\"main-nav\" data-region=\"mainNavRegion\"></nav>\n\n            <main role=\"main\">\n                <div class=\"article-list-container\" data-region=\"articleListRegion\">\n                    <ul><li>tests</li><li>test 2</li></ul>\n                </div>\n                <aside class=\"main-aside\" data-region=\"asideDataRegion\"></aside>\n            </main>\n\n            <footer class=\"page-footer\" data-region=\"pageFooterRegion\"></footer>\n        </div>\n        <script >\n            (function(){\n\n                var script = document.createElement('script');\n                script.async = true;\n                script.src = '/scripts/graffiti.js';\n\n                var entry = document.getElementsByTagName('script')[0];\n                entry.parentNode.insertBefore(script, entry);\n\n\n            }());\n        </script>\n    </body>\n</html>","timestamp":"2013-09-22T16:30:29.756Z"}
{"level":"info","message":"|","timestamp":"2013-09-22T16:30:29.757Z"}
{"level":"info","message":"|","timestamp":"2013-09-22T16:30:29.757Z"}
{"level":"info","message":"|","timestamp":"2013-09-22T16:32:10.636Z"}
{"level":"info","message":"|","timestamp":"2013-09-22T16:32:10.637Z"}
{"level":"info","message":"| publishDoc  <!DOCTYPE html>\n<html xmlns=\"http://www.w3.org/1999/xhtml\"  lang=\"en\">\n    <head>\n\n        <meta charset=\"utf-8\" />\n        <meta name=\"viewport\" content=\"initial-scale=1.0, width=device-width\">\n\n        <title>Home :. fourfivesix.ca</title>\n\n        <link rel=\"stylesheet\" type=\"text/css\" href=\"/css/style.css\">\n    </head>\n    <body class=\"home-page\">\n        <div class=\"viewport\">\n            <header class=\"page-header\" data-region=\"pageHeaderRegion\">\n\n                <a class=\"header-home-link\" href=\"/\" title=\"fourfivesix home\">\n                   home\n                </a>\n                <h1>fourfivesix</h1>\n\n            </header>\n\n            <nav class=\"main-nav\" data-region=\"mainNavRegion\"></nav>\n\n            <main role=\"main\">\n                <div class=\"article-list-container\" data-region=\"articleListRegion\">\n                    <ul><li>tests</li><li>test 2</li></ul>\n                </div>\n                <aside class=\"main-aside\" data-region=\"asideDataRegion\"></aside>\n            </main>\n\n            <footer class=\"page-footer\" data-region=\"pageFooterRegion\"></footer>\n        </div>\n        <script >\n            (function(){\n\n                var script = document.createElement('script');\n                script.async = true;\n                script.src = '/scripts/graffiti.js';\n\n                var entry = document.getElementsByTagName('script')[0];\n                entry.parentNode.insertBefore(script, entry);\n\n\n            }());\n        </script>\n    </body>\n</html>","timestamp":"2013-09-22T16:32:10.637Z"}
{"level":"info","message":"|","timestamp":"2013-09-22T16:32:10.637Z"}
{"level":"info","message":"|","timestamp":"2013-09-22T16:32:10.637Z"}
{"level":"info","message":"|","timestamp":"2013-09-22T16:32:10.637Z"}
{"level":"info","message":"|","timestamp":"2013-09-22T16:32:10.638Z"}
{"level":"info","message":"| post_options  {\"host\":\"localhost\",\"port\":\"8888\",\"path\":\"fourfivesixtest/homepage.php\",\"method\":\"POST\",\"headers\":{\"Content-Type\":\"application/x-www-form-urlencoded\",\"Content-Length\":2892}}","timestamp":"2013-09-22T16:32:10.638Z"}
{"level":"info","message":"|","timestamp":"2013-09-22T16:32:10.638Z"}
{"level":"info","message":"|","timestamp":"2013-09-22T16:32:10.638Z"}
{"level":"info","message":"|","timestamp":"2013-09-22T16:53:45.001Z"}
{"level":"info","message":"|","timestamp":"2013-09-22T16:53:45.002Z"}
{"level":"info","message":"| post_data  \"ApiKey=sdfaersdf23ewdrrwdfs5&PostBody=%3C!DOCTYPE%20html%3E%0A%3Chtml%20xmlns%3D%22http%3A%2F%2Fwww.w3.org%2F1999%2Fxhtml%22%20%20lang%3D%22en%22%3E%0A%20%20%20%20%3Chead%3E%0A%0A%20%20%20%20%20%20%20%20%3Cmeta%20charset%3D%22utf-8%22%20%2F%3E%0A%20%20%20%20%20%20%20%20%3Cmeta%20name%3D%22viewport%22%20content%3D%22initial-scale%3D1.0%2C%20width%3Ddevice-width%22%3E%0A%0A%20%20%20%20%20%20%20%20%3Ctitle%3EHome%20%3A.%20fourfivesix.ca%3C%2Ftitle%3E%0A%0A%20%20%20%20%20%20%20%20%3Clink%20rel%3D%22stylesheet%22%20type%3D%22text%2Fcss%22%20href%3D%22%2Fcss%2Fstyle.css%22%3E%0A%20%20%20%20%3C%2Fhead%3E%0A%20%20%20%20%3Cbody%20class%3D%22home-page%22%3E%0A%20%20%20%20%20%20%20%20%3Cdiv%20class%3D%22viewport%22%3E%0A%20%20%20%20%20%20%20%20%20%20%20%20%3Cheader%20class%3D%22page-header%22%20data-region%3D%22pageHeaderRegion%22%3E%0A%0A%20%20%20%20%20%20%20%20%20%20%20%20%20%20%20%20%3Ca%20class%3D%22header-home-link%22%20href%3D%22%2F%22%20title%3D%22fourfivesix%20home%22%3E%0A%20%20%20%20%20%20%20%20%20%20%20%20%20%20%20%20%20%20%20home%0A%20%20%20%20%20%20%20%20%20%20%20%20%20%20%20%20%3C%2Fa%3E%0A%20%20%20%20%20%20%20%20%20%20%20%20%20%20%20%20%3Ch1%3Efourfivesix%3C%2Fh1%3E%0A%0A%20%20%20%20%20%20%20%20%20%20%20%20%3C%2Fheader%3E%0A%0A%20%20%20%20%20%20%20%20%20%20%20%20%3Cnav%20class%3D%22main-nav%22%20data-region%3D%22mainNavRegion%22%3E%3C%2Fnav%3E%0A%0A%20%20%20%20%20%20%20%20%20%20%20%20%3Cmain%20role%3D%22main%22%3E%0A%20%20%20%20%20%20%20%20%20%20%20%20%20%20%20%20%3Cdiv%20class%3D%22article-list-container%22%20data-region%3D%22articleListRegion%22%3E%0A%20%20%20%20%20%20%20%20%20%20%20%20%20%20%20%20%20%20%20%20%3Cul%3E%3Cli%3Etests%3C%2Fli%3E%3Cli%3Etest%202%3C%2Fli%3E%3C%2Ful%3E%0A%20%20%20%20%20%20%20%20%20%20%20%20%20%20%20%20%3C%2Fdiv%3E%0A%20%20%20%20%20%20%20%20%20%20%20%20%20%20%20%20%3Caside%20class%3D%22main-aside%22%20data-region%3D%22asideDataRegion%22%3E%3C%2Faside%3E%0A%20%20%20%20%20%20%20%20%20%20%20%20%3C%2Fmain%3E%0A%0A%20%20%20%20%20%20%20%20%20%20%20%20%3Cfooter%20class%3D%22page-footer%22%20data-region%3D%22pageFooterRegion%22%3E%3C%2Ffooter%3E%0A%20%20%20%20%20%20%20%20%3C%2Fdiv%3E%0A%20%20%20%20%20%20%20%20%3Cscript%20%3E%0A%20%20%20%20%20%20%20%20%20%20%20%20(function()%7B%0A%0A%20%20%20%20%20%20%20%20%20%20%20%20%20%20%20%20var%20script%20%3D%20document.createElement('script')%3B%0A%20%20%20%20%20%20%20%20%20%20%20%20%20%20%20%20script.async%20%3D%20true%3B%0A%20%20%20%20%20%20%20%20%20%20%20%20%20%20%20%20script.src%20%3D%20'%2Fscripts%2Fgraffiti.js'%3B%0A%0A%20%20%20%20%20%20%20%20%20%20%20%20%20%20%20%20var%20entry%20%3D%20document.getElementsByTagName('script')%5B0%5D%3B%0A%20%20%20%20%20%20%20%20%20%20%20%20%20%20%20%20entry.parentNode.insertBefore(script%2C%20entry)%3B%0A%0A%0A%20%20%20%20%20%20%20%20%20%20%20%20%7D())%3B%0A%20%20%20%20%20%20%20%20%3C%2Fscript%3E%0A%20%20%20%20%3C%2Fbody%3E%0A%3C%2Fhtml%3E\"","timestamp":"2013-09-22T16:53:45.003Z"}
{"level":"info","message":"|","timestamp":"2013-09-22T16:53:45.003Z"}
{"level":"info","message":"|","timestamp":"2013-09-22T16:53:45.003Z"}
{"level":"info","message":"|","timestamp":"2013-09-22T16:53:45.003Z"}
{"level":"info","message":"|","timestamp":"2013-09-22T16:53:45.003Z"}
{"level":"info","message":"| post_options  {\"host\":\"localhost\",\"port\":\"8888\",\"path\":\"fourfivesixtest/homepage.php\",\"method\":\"POST\",\"headers\":{\"Content-Type\":\"application/x-www-form-urlencoded\",\"Content-Length\":2892}}","timestamp":"2013-09-22T16:53:45.003Z"}
{"level":"info","message":"|","timestamp":"2013-09-22T16:53:45.003Z"}
{"level":"info","message":"|","timestamp":"2013-09-22T16:53:45.003Z"}
{"level":"info","message":"|","timestamp":"2013-09-22T16:59:13.837Z"}
{"level":"info","message":"|","timestamp":"2013-09-22T16:59:13.839Z"}
{"level":"info","message":"| post_data  ApiKey=sdfaersdf23ewdrrwdfs5&PostBody=%3C!DOCTYPE%20html%3E%0A%3Chtml%20xmlns%3D%22http%3A%2F%2Fwww.w3.org%2F1999%2Fxhtml%22%20%20lang%3D%22en%22%3E%0A%20%20%20%20%3Chead%3E%0A%0A%20%20%20%20%20%20%20%20%3Cmeta%20charset%3D%22utf-8%22%20%2F%3E%0A%20%20%20%20%20%20%20%20%3Cmeta%20name%3D%22viewport%22%20content%3D%22initial-scale%3D1.0%2C%20width%3Ddevice-width%22%3E%0A%0A%20%20%20%20%20%20%20%20%3Ctitle%3EHome%20%3A.%20fourfivesix.ca%3C%2Ftitle%3E%0A%0A%20%20%20%20%20%20%20%20%3Clink%20rel%3D%22stylesheet%22%20type%3D%22text%2Fcss%22%20href%3D%22%2Fcss%2Fstyle.css%22%3E%0A%20%20%20%20%3C%2Fhead%3E%0A%20%20%20%20%3Cbody%20class%3D%22home-page%22%3E%0A%20%20%20%20%20%20%20%20%3Cdiv%20class%3D%22viewport%22%3E%0A%20%20%20%20%20%20%20%20%20%20%20%20%3Cheader%20class%3D%22page-header%22%20data-region%3D%22pageHeaderRegion%22%3E%0A%0A%20%20%20%20%20%20%20%20%20%20%20%20%20%20%20%20%3Ca%20class%3D%22header-home-link%22%20href%3D%22%2F%22%20title%3D%22fourfivesix%20home%22%3E%0A%20%20%20%20%20%20%20%20%20%20%20%20%20%20%20%20%20%20%20home%0A%20%20%20%20%20%20%20%20%20%20%20%20%20%20%20%20%3C%2Fa%3E%0A%20%20%20%20%20%20%20%20%20%20%20%20%20%20%20%20%3Ch1%3Efourfivesix%3C%2Fh1%3E%0A%0A%20%20%20%20%20%20%20%20%20%20%20%20%3C%2Fheader%3E%0A%0A%20%20%20%20%20%20%20%20%20%20%20%20%3Cnav%20class%3D%22main-nav%22%20data-region%3D%22mainNavRegion%22%3E%3C%2Fnav%3E%0A%0A%20%20%20%20%20%20%20%20%20%20%20%20%3Cmain%20role%3D%22main%22%3E%0A%20%20%20%20%20%20%20%20%20%20%20%20%20%20%20%20%3Cdiv%20class%3D%22article-list-container%22%20data-region%3D%22articleListRegion%22%3E%0A%20%20%20%20%20%20%20%20%20%20%20%20%20%20%20%20%20%20%20%20%3Cul%3E%3Cli%3Etests%3C%2Fli%3E%3Cli%3Etest%202%3C%2Fli%3E%3C%2Ful%3E%0A%20%20%20%20%20%20%20%20%20%20%20%20%20%20%20%20%3C%2Fdiv%3E%0A%20%20%20%20%20%20%20%20%20%20%20%20%20%20%20%20%3Caside%20class%3D%22main-aside%22%20data-region%3D%22asideDataRegion%22%3E%3C%2Faside%3E%0A%20%20%20%20%20%20%20%20%20%20%20%20%3C%2Fmain%3E%0A%0A%20%20%20%20%20%20%20%20%20%20%20%20%3Cfooter%20class%3D%22page-footer%22%20data-region%3D%22pageFooterRegion%22%3E%3C%2Ffooter%3E%0A%20%20%20%20%20%20%20%20%3C%2Fdiv%3E%0A%20%20%20%20%20%20%20%20%3Cscript%20%3E%0A%20%20%20%20%20%20%20%20%20%20%20%20(function()%7B%0A%0A%20%20%20%20%20%20%20%20%20%20%20%20%20%20%20%20var%20script%20%3D%20document.createElement('script')%3B%0A%20%20%20%20%20%20%20%20%20%20%20%20%20%20%20%20script.async%20%3D%20true%3B%0A%20%20%20%20%20%20%20%20%20%20%20%20%20%20%20%20script.src%20%3D%20'%2Fscripts%2Fgraffiti.js'%3B%0A%0A%20%20%20%20%20%20%20%20%20%20%20%20%20%20%20%20var%20entry%20%3D%20document.getElementsByTagName('script')%5B0%5D%3B%0A%20%20%20%20%20%20%20%20%20%20%20%20%20%20%20%20entry.parentNode.insertBefore(script%2C%20entry)%3B%0A%0A%0A%20%20%20%20%20%20%20%20%20%20%20%20%7D())%3B%0A%20%20%20%20%20%20%20%20%3C%2Fscript%3E%0A%20%20%20%20%3C%2Fbody%3E%0A%3C%2Fhtml%3E","timestamp":"2013-09-22T16:59:13.839Z"}
{"level":"info","message":"|","timestamp":"2013-09-22T16:59:13.840Z"}
{"level":"info","message":"|","timestamp":"2013-09-22T16:59:13.840Z"}
{"level":"info","message":"|","timestamp":"2013-09-22T16:59:13.840Z"}
{"level":"info","message":"|","timestamp":"2013-09-22T16:59:13.840Z"}
{"level":"info","message":"| post_options  {\"host\":\"localhost\",\"port\":\"8888\",\"path\":\"fourfivesixtest/homepage.php\",\"method\":\"POST\",\"headers\":{\"Content-Type\":\"application/x-www-form-urlencoded\",\"Content-Length\":2892}}","timestamp":"2013-09-22T16:59:13.840Z"}
{"level":"info","message":"|","timestamp":"2013-09-22T16:59:13.840Z"}
{"level":"info","message":"|","timestamp":"2013-09-22T16:59:13.840Z"}
{"level":"info","message":"|","timestamp":"2013-09-22T17:01:39.129Z"}
{"level":"info","message":"|","timestamp":"2013-09-22T17:01:39.130Z"}
{"level":"info","message":"| post_data  {\"ApiKey\":\"sdfaersdf23ewdrrwdfs5\",\"PostBody\":\"<!DOCTYPE html>\\n<html xmlns=\\\"http://www.w3.org/1999/xhtml\\\"  lang=\\\"en\\\">\\n    <head>\\n\\n        <meta charset=\\\"utf-8\\\" />\\n        <meta name=\\\"viewport\\\" content=\\\"initial-scale=1.0, width=device-width\\\">\\n\\n        <title>Home :. fourfivesix.ca</title>\\n\\n        <link rel=\\\"stylesheet\\\" type=\\\"text/css\\\" href=\\\"/css/style.css\\\">\\n    </head>\\n    <body class=\\\"home-page\\\">\\n        <div class=\\\"viewport\\\">\\n            <header class=\\\"page-header\\\" data-region=\\\"pageHeaderRegion\\\">\\n\\n                <a class=\\\"header-home-link\\\" href=\\\"/\\\" title=\\\"fourfivesix home\\\">\\n                   home\\n                </a>\\n                <h1>fourfivesix</h1>\\n\\n            </header>\\n\\n            <nav class=\\\"main-nav\\\" data-region=\\\"mainNavRegion\\\"></nav>\\n\\n            <main role=\\\"main\\\">\\n                <div class=\\\"article-list-container\\\" data-region=\\\"articleListRegion\\\">\\n                    <ul><li>tests</li><li>test 2</li></ul>\\n                </div>\\n                <aside class=\\\"main-aside\\\" data-region=\\\"asideDataRegion\\\"></aside>\\n            </main>\\n\\n            <footer class=\\\"page-footer\\\" data-region=\\\"pageFooterRegion\\\"></footer>\\n        </div>\\n        <script >\\n            (function(){\\n\\n                var script = document.createElement('script');\\n                script.async = true;\\n                script.src = '/scripts/graffiti.js';\\n\\n                var entry = document.getElementsByTagName('script')[0];\\n                entry.parentNode.insertBefore(script, entry);\\n\\n\\n            }());\\n        </script>\\n    </body>\\n</html>\"}","timestamp":"2013-09-22T17:01:39.130Z"}
{"level":"info","message":"|","timestamp":"2013-09-22T17:01:39.130Z"}
{"level":"info","message":"|","timestamp":"2013-09-22T17:01:39.130Z"}
{"level":"info","message":"|","timestamp":"2013-09-22T17:01:39.130Z"}
{"level":"info","message":"|","timestamp":"2013-09-22T17:01:39.130Z"}
{"level":"info","message":"| post_options  {\"host\":\"localhost\",\"port\":\"8888\",\"path\":\"fourfivesixtest/homepage.php\",\"method\":\"POST\",\"headers\":{\"Content-Type\":\"application/x-www-form-urlencoded\",\"Content-Length\":1641}}","timestamp":"2013-09-22T17:01:39.131Z"}
{"level":"info","message":"|","timestamp":"2013-09-22T17:01:39.131Z"}
{"level":"info","message":"|","timestamp":"2013-09-22T17:01:39.131Z"}
{"level":"info","message":"|","timestamp":"2013-09-23T00:41:01.954Z"}
{"level":"info","message":"|","timestamp":"2013-09-23T00:41:01.956Z"}
{"level":"info","message":"| post_data  {\"ApiKey\":\"sdfaersdf23ewdrrwdfs5\",\"PostBody\":\"<!DOCTYPE html>\\n<html xmlns=\\\"http://www.w3.org/1999/xhtml\\\"  lang=\\\"en\\\">\\n    <head>\\n\\n        <meta charset=\\\"utf-8\\\" />\\n        <meta name=\\\"viewport\\\" content=\\\"initial-scale=1.0, width=device-width\\\">\\n\\n        <title>Home :. fourfivesix.ca</title>\\n\\n        <link rel=\\\"stylesheet\\\" type=\\\"text/css\\\" href=\\\"/css/style.css\\\">\\n    </head>\\n    <body class=\\\"home-page\\\">\\n        <div class=\\\"viewport\\\">\\n            <header class=\\\"page-header\\\" data-region=\\\"pageHeaderRegion\\\">\\n\\n                <a class=\\\"header-home-link\\\" href=\\\"/\\\" title=\\\"fourfivesix home\\\">\\n                   home\\n                </a>\\n                <h1>fourfivesix</h1>\\n\\n            </header>\\n\\n            <nav class=\\\"main-nav\\\" data-region=\\\"mainNavRegion\\\"></nav>\\n\\n            <main role=\\\"main\\\">\\n                <div class=\\\"article-list-container\\\" data-region=\\\"articleListRegion\\\">\\n                    <ul><li>tests</li><li>test 2</li></ul>\\n                </div>\\n                <aside class=\\\"main-aside\\\" data-region=\\\"asideDataRegion\\\"></aside>\\n            </main>\\n\\n            <footer class=\\\"page-footer\\\" data-region=\\\"pageFooterRegion\\\"></footer>\\n        </div>\\n        <script >\\n            (function(){\\n\\n                var script = document.createElement('script');\\n                script.async = true;\\n                script.src = '/scripts/graffiti.js';\\n\\n                var entry = document.getElementsByTagName('script')[0];\\n                entry.parentNode.insertBefore(script, entry);\\n\\n\\n            }());\\n        </script>\\n    </body>\\n</html>\"}","timestamp":"2013-09-23T00:41:01.956Z"}
{"level":"info","message":"|","timestamp":"2013-09-23T00:41:01.956Z"}
{"level":"info","message":"|","timestamp":"2013-09-23T00:41:01.956Z"}
{"level":"info","message":"|","timestamp":"2013-09-23T00:41:01.956Z"}
{"level":"info","message":"|","timestamp":"2013-09-23T00:41:01.956Z"}
{"level":"info","message":"| post_options  {\"host\":\"localhost\",\"port\":\"8888\",\"path\":\"fourfivesixtest/homepage.php\",\"method\":\"POST\",\"headers\":{\"Content-Type\":\"application/x-www-form-urlencoded\",\"Content-Length\":1641}}","timestamp":"2013-09-23T00:41:01.956Z"}
{"level":"info","message":"|","timestamp":"2013-09-23T00:41:01.956Z"}
{"level":"info","message":"|","timestamp":"2013-09-23T00:41:01.956Z"}
{"level":"info","message":"|","timestamp":"2013-09-23T00:45:25.675Z"}
{"level":"info","message":"|","timestamp":"2013-09-23T00:45:25.677Z"}
{"level":"info","message":"| post_data  ApiKey=sdfaersdf23ewdrrwdfs5&PostBody=%3C!DOCTYPE%20html%3E%0A%3Chtml%20xmlns%3D%22http%3A%2F%2Fwww.w3.org%2F1999%2Fxhtml%22%20%20lang%3D%22en%22%3E%0A%20%20%20%20%3Chead%3E%0A%0A%20%20%20%20%20%20%20%20%3Cmeta%20charset%3D%22utf-8%22%20%2F%3E%0A%20%20%20%20%20%20%20%20%3Cmeta%20name%3D%22viewport%22%20content%3D%22initial-scale%3D1.0%2C%20width%3Ddevice-width%22%3E%0A%0A%20%20%20%20%20%20%20%20%3Ctitle%3EHome%20%3A.%20fourfivesix.ca%3C%2Ftitle%3E%0A%0A%20%20%20%20%20%20%20%20%3Clink%20rel%3D%22stylesheet%22%20type%3D%22text%2Fcss%22%20href%3D%22%2Fcss%2Fstyle.css%22%3E%0A%20%20%20%20%3C%2Fhead%3E%0A%20%20%20%20%3Cbody%20class%3D%22home-page%22%3E%0A%20%20%20%20%20%20%20%20%3Cdiv%20class%3D%22viewport%22%3E%0A%20%20%20%20%20%20%20%20%20%20%20%20%3Cheader%20class%3D%22page-header%22%20data-region%3D%22pageHeaderRegion%22%3E%0A%0A%20%20%20%20%20%20%20%20%20%20%20%20%20%20%20%20%3Ca%20class%3D%22header-home-link%22%20href%3D%22%2F%22%20title%3D%22fourfivesix%20home%22%3E%0A%20%20%20%20%20%20%20%20%20%20%20%20%20%20%20%20%20%20%20home%0A%20%20%20%20%20%20%20%20%20%20%20%20%20%20%20%20%3C%2Fa%3E%0A%20%20%20%20%20%20%20%20%20%20%20%20%20%20%20%20%3Ch1%3Efourfivesix%3C%2Fh1%3E%0A%0A%20%20%20%20%20%20%20%20%20%20%20%20%3C%2Fheader%3E%0A%0A%20%20%20%20%20%20%20%20%20%20%20%20%3Cnav%20class%3D%22main-nav%22%20data-region%3D%22mainNavRegion%22%3E%3C%2Fnav%3E%0A%0A%20%20%20%20%20%20%20%20%20%20%20%20%3Cmain%20role%3D%22main%22%3E%0A%20%20%20%20%20%20%20%20%20%20%20%20%20%20%20%20%3Cdiv%20class%3D%22article-list-container%22%20data-region%3D%22articleListRegion%22%3E%0A%20%20%20%20%20%20%20%20%20%20%20%20%20%20%20%20%20%20%20%20%3Cul%3E%3Cli%3Etests%3C%2Fli%3E%3Cli%3Etest%202%3C%2Fli%3E%3C%2Ful%3E%0A%20%20%20%20%20%20%20%20%20%20%20%20%20%20%20%20%3C%2Fdiv%3E%0A%20%20%20%20%20%20%20%20%20%20%20%20%20%20%20%20%3Caside%20class%3D%22main-aside%22%20data-region%3D%22asideDataRegion%22%3E%3C%2Faside%3E%0A%20%20%20%20%20%20%20%20%20%20%20%20%3C%2Fmain%3E%0A%0A%20%20%20%20%20%20%20%20%20%20%20%20%3Cfooter%20class%3D%22page-footer%22%20data-region%3D%22pageFooterRegion%22%3E%3C%2Ffooter%3E%0A%20%20%20%20%20%20%20%20%3C%2Fdiv%3E%0A%20%20%20%20%20%20%20%20%3Cscript%20%3E%0A%20%20%20%20%20%20%20%20%20%20%20%20(function()%7B%0A%0A%20%20%20%20%20%20%20%20%20%20%20%20%20%20%20%20var%20script%20%3D%20document.createElement('script')%3B%0A%20%20%20%20%20%20%20%20%20%20%20%20%20%20%20%20script.async%20%3D%20true%3B%0A%20%20%20%20%20%20%20%20%20%20%20%20%20%20%20%20script.src%20%3D%20'%2Fscripts%2Fgraffiti.js'%3B%0A%0A%20%20%20%20%20%20%20%20%20%20%20%20%20%20%20%20var%20entry%20%3D%20document.getElementsByTagName('script')%5B0%5D%3B%0A%20%20%20%20%20%20%20%20%20%20%20%20%20%20%20%20entry.parentNode.insertBefore(script%2C%20entry)%3B%0A%0A%0A%20%20%20%20%20%20%20%20%20%20%20%20%7D())%3B%0A%20%20%20%20%20%20%20%20%3C%2Fscript%3E%0A%20%20%20%20%3C%2Fbody%3E%0A%3C%2Fhtml%3E","timestamp":"2013-09-23T00:45:25.680Z"}
{"level":"info","message":"|","timestamp":"2013-09-23T00:45:25.681Z"}
{"level":"info","message":"|","timestamp":"2013-09-23T00:45:25.681Z"}
{"level":"info","message":"|","timestamp":"2013-09-23T00:45:25.681Z"}
{"level":"info","message":"|","timestamp":"2013-09-23T00:45:25.681Z"}
{"level":"info","message":"| post_options  {\"host\":\"localhost\",\"port\":\"8888\",\"path\":\"fourfivesixtest/homepage.php\",\"method\":\"POST\",\"headers\":{\"Content-Type\":\"application/x-www-form-urlencoded\",\"Content-Length\":2892}}","timestamp":"2013-09-23T00:45:25.681Z"}
{"level":"info","message":"|","timestamp":"2013-09-23T00:45:25.681Z"}
{"level":"info","message":"|","timestamp":"2013-09-23T00:45:25.681Z"}
{"level":"info","message":"POST REQ - ApiKey=sdfaersdf23ewdrrwdfs5&PostBody=%3C!DOCTYPE%20html%3E%0A%3Chtml%20xmlns%3D%22http%3A%2F%2Fwww.w3.org%2F1999%2Fxhtml%22%20%20lang%3D%22en%22%3E%0A%20%20%20%20%3Chead%3E%0A%0A%20%20%20%20%20%20%20%20%3Cmeta%20charset%3D%22utf-8%22%20%2F%3E%0A%20%20%20%20%20%20%20%20%3Cmeta%20name%3D%22viewport%22%20content%3D%22initial-scale%3D1.0%2C%20width%3Ddevice-width%22%3E%0A%0A%20%20%20%20%20%20%20%20%3Ctitle%3EHome%20%3A.%20fourfivesix.ca%3C%2Ftitle%3E%0A%0A%20%20%20%20%20%20%20%20%3Clink%20rel%3D%22stylesheet%22%20type%3D%22text%2Fcss%22%20href%3D%22%2Fcss%2Fstyle.css%22%3E%0A%20%20%20%20%3C%2Fhead%3E%0A%20%20%20%20%3Cbody%20class%3D%22home-page%22%3E%0A%20%20%20%20%20%20%20%20%3Cdiv%20class%3D%22viewport%22%3E%0A%20%20%20%20%20%20%20%20%20%20%20%20%3Cheader%20class%3D%22page-header%22%20data-region%3D%22pageHeaderRegion%22%3E%0A%0A%20%20%20%20%20%20%20%20%20%20%20%20%20%20%20%20%3Ca%20class%3D%22header-home-link%22%20href%3D%22%2F%22%20title%3D%22fourfivesix%20home%22%3E%0A%20%20%20%20%20%20%20%20%20%20%20%20%20%20%20%20%20%20%20home%0A%20%20%20%20%20%20%20%20%20%20%20%20%20%20%20%20%3C%2Fa%3E%0A%20%20%20%20%20%20%20%20%20%20%20%20%20%20%20%20%3Ch1%3Efourfivesix%3C%2Fh1%3E%0A%0A%20%20%20%20%20%20%20%20%20%20%20%20%3C%2Fheader%3E%0A%0A%20%20%20%20%20%20%20%20%20%20%20%20%3Cnav%20class%3D%22main-nav%22%20data-region%3D%22mainNavRegion%22%3E%3C%2Fnav%3E%0A%0A%20%20%20%20%20%20%20%20%20%20%20%20%3Cmain%20role%3D%22main%22%3E%0A%20%20%20%20%20%20%20%20%20%20%20%20%20%20%20%20%3Cdiv%20class%3D%22article-list-container%22%20data-region%3D%22articleListRegion%22%3E%0A%20%20%20%20%20%20%20%20%20%20%20%20%20%20%20%20%20%20%20%20%3Cul%3E%3Cli%3Etests%3C%2Fli%3E%3Cli%3Etest%202%3C%2Fli%3E%3C%2Ful%3E%0A%20%20%20%20%20%20%20%20%20%20%20%20%20%20%20%20%3C%2Fdiv%3E%0A%20%20%20%20%20%20%20%20%20%20%20%20%20%20%20%20%3Caside%20class%3D%22main-aside%22%20data-region%3D%22asideDataRegion%22%3E%3C%2Faside%3E%0A%20%20%20%20%20%20%20%20%20%20%20%20%3C%2Fmain%3E%0A%0A%20%20%20%20%20%20%20%20%20%20%20%20%3Cfooter%20class%3D%22page-footer%22%20data-region%3D%22pageFooterRegion%22%3E%3C%2Ffooter%3E%0A%20%20%20%20%20%20%20%20%3C%2Fdiv%3E%0A%20%20%20%20%20%20%20%20%3Cscript%20%3E%0A%20%20%20%20%20%20%20%20%20%20%20%20(function()%7B%0A%0A%20%20%20%20%20%20%20%20%20%20%20%20%20%20%20%20var%20script%20%3D%20document.createElement('script')%3B%0A%20%20%20%20%20%20%20%20%20%20%20%20%20%20%20%20script.async%20%3D%20true%3B%0A%20%20%20%20%20%20%20%20%20%20%20%20%20%20%20%20script.src%20%3D%20'%2Fscripts%2Fgraffiti.js'%3B%0A%0A%20%20%20%20%20%20%20%20%20%20%20%20%20%20%20%20var%20entry%20%3D%20document.getElementsByTagName('script')%5B0%5D%3B%0A%20%20%20%20%20%20%20%20%20%20%20%20%20%20%20%20entry.parentNode.insertBefore(script%2C%20entry)%3B%0A%0A%0A%20%20%20%20%20%20%20%20%20%20%20%20%7D())%3B%0A%20%20%20%20%20%20%20%20%3C%2Fscript%3E%0A%20%20%20%20%3C%2Fbody%3E%0A%3C%2Fhtml%3E","timestamp":"2013-09-23T00:45:25.685Z"}
{"level":"info","message":"|","timestamp":"2013-09-23T00:48:31.301Z"}
{"level":"info","message":"|","timestamp":"2013-09-23T00:48:31.303Z"}
{"level":"info","message":"| post_data  ApiKey=sdfaersdf23ewdrrwdfs5&PostBody=%3C!DOCTYPE%20html%3E%0A%3Chtml%20xmlns%3D%22http%3A%2F%2Fwww.w3.org%2F1999%2Fxhtml%22%20%20lang%3D%22en%22%3E%0A%20%20%20%20%3Chead%3E%0A%0A%20%20%20%20%20%20%20%20%3Cmeta%20charset%3D%22utf-8%22%20%2F%3E%0A%20%20%20%20%20%20%20%20%3Cmeta%20name%3D%22viewport%22%20content%3D%22initial-scale%3D1.0%2C%20width%3Ddevice-width%22%3E%0A%0A%20%20%20%20%20%20%20%20%3Ctitle%3EHome%20%3A.%20fourfivesix.ca%3C%2Ftitle%3E%0A%0A%20%20%20%20%20%20%20%20%3Clink%20rel%3D%22stylesheet%22%20type%3D%22text%2Fcss%22%20href%3D%22%2Fcss%2Fstyle.css%22%3E%0A%20%20%20%20%3C%2Fhead%3E%0A%20%20%20%20%3Cbody%20class%3D%22home-page%22%3E%0A%20%20%20%20%20%20%20%20%3Cdiv%20class%3D%22viewport%22%3E%0A%20%20%20%20%20%20%20%20%20%20%20%20%3Cheader%20class%3D%22page-header%22%20data-region%3D%22pageHeaderRegion%22%3E%0A%0A%20%20%20%20%20%20%20%20%20%20%20%20%20%20%20%20%3Ca%20class%3D%22header-home-link%22%20href%3D%22%2F%22%20title%3D%22fourfivesix%20home%22%3E%0A%20%20%20%20%20%20%20%20%20%20%20%20%20%20%20%20%20%20%20home%0A%20%20%20%20%20%20%20%20%20%20%20%20%20%20%20%20%3C%2Fa%3E%0A%20%20%20%20%20%20%20%20%20%20%20%20%20%20%20%20%3Ch1%3Efourfivesix%3C%2Fh1%3E%0A%0A%20%20%20%20%20%20%20%20%20%20%20%20%3C%2Fheader%3E%0A%0A%20%20%20%20%20%20%20%20%20%20%20%20%3Cnav%20class%3D%22main-nav%22%20data-region%3D%22mainNavRegion%22%3E%3C%2Fnav%3E%0A%0A%20%20%20%20%20%20%20%20%20%20%20%20%3Cmain%20role%3D%22main%22%3E%0A%20%20%20%20%20%20%20%20%20%20%20%20%20%20%20%20%3Cdiv%20class%3D%22article-list-container%22%20data-region%3D%22articleListRegion%22%3E%0A%20%20%20%20%20%20%20%20%20%20%20%20%20%20%20%20%20%20%20%20%3Cul%3E%3Cli%3Etests%3C%2Fli%3E%3Cli%3Etest%202%3C%2Fli%3E%3C%2Ful%3E%0A%20%20%20%20%20%20%20%20%20%20%20%20%20%20%20%20%3C%2Fdiv%3E%0A%20%20%20%20%20%20%20%20%20%20%20%20%20%20%20%20%3Caside%20class%3D%22main-aside%22%20data-region%3D%22asideDataRegion%22%3E%3C%2Faside%3E%0A%20%20%20%20%20%20%20%20%20%20%20%20%3C%2Fmain%3E%0A%0A%20%20%20%20%20%20%20%20%20%20%20%20%3Cfooter%20class%3D%22page-footer%22%20data-region%3D%22pageFooterRegion%22%3E%3C%2Ffooter%3E%0A%20%20%20%20%20%20%20%20%3C%2Fdiv%3E%0A%20%20%20%20%20%20%20%20%3Cscript%20%3E%0A%20%20%20%20%20%20%20%20%20%20%20%20(function()%7B%0A%0A%20%20%20%20%20%20%20%20%20%20%20%20%20%20%20%20var%20script%20%3D%20document.createElement('script')%3B%0A%20%20%20%20%20%20%20%20%20%20%20%20%20%20%20%20script.async%20%3D%20true%3B%0A%20%20%20%20%20%20%20%20%20%20%20%20%20%20%20%20script.src%20%3D%20'%2Fscripts%2Fgraffiti.js'%3B%0A%0A%20%20%20%20%20%20%20%20%20%20%20%20%20%20%20%20var%20entry%20%3D%20document.getElementsByTagName('script')%5B0%5D%3B%0A%20%20%20%20%20%20%20%20%20%20%20%20%20%20%20%20entry.parentNode.insertBefore(script%2C%20entry)%3B%0A%0A%0A%20%20%20%20%20%20%20%20%20%20%20%20%7D())%3B%0A%20%20%20%20%20%20%20%20%3C%2Fscript%3E%0A%20%20%20%20%3C%2Fbody%3E%0A%3C%2Fhtml%3E","timestamp":"2013-09-23T00:48:31.305Z"}
{"level":"info","message":"|","timestamp":"2013-09-23T00:48:31.305Z"}
{"level":"info","message":"|","timestamp":"2013-09-23T00:48:31.305Z"}
{"level":"info","message":"|","timestamp":"2013-09-23T00:48:31.305Z"}
{"level":"info","message":"|","timestamp":"2013-09-23T00:48:31.305Z"}
{"level":"info","message":"| post_options  {\"host\":\"localhost\",\"port\":\"8888\",\"path\":\"fourfivesixtest/homepage.php\",\"method\":\"POST\",\"headers\":{\"Content-Type\":\"application/x-www-form-urlencoded\",\"Content-Length\":2892}}","timestamp":"2013-09-23T00:48:31.308Z"}
{"level":"info","message":"|","timestamp":"2013-09-23T00:48:31.308Z"}
{"level":"info","message":"|","timestamp":"2013-09-23T00:48:31.309Z"}
{"level":"info","message":"POST REQ - ApiKey=sdfaersdf23ewdrrwdfs5&PostBody=%3C!DOCTYPE%20html%3E%0A%3Chtml%20xmlns%3D%22http%3A%2F%2Fwww.w3.org%2F1999%2Fxhtml%22%20%20lang%3D%22en%22%3E%0A%20%20%20%20%3Chead%3E%0A%0A%20%20%20%20%20%20%20%20%3Cmeta%20charset%3D%22utf-8%22%20%2F%3E%0A%20%20%20%20%20%20%20%20%3Cmeta%20name%3D%22viewport%22%20content%3D%22initial-scale%3D1.0%2C%20width%3Ddevice-width%22%3E%0A%0A%20%20%20%20%20%20%20%20%3Ctitle%3EHome%20%3A.%20fourfivesix.ca%3C%2Ftitle%3E%0A%0A%20%20%20%20%20%20%20%20%3Clink%20rel%3D%22stylesheet%22%20type%3D%22text%2Fcss%22%20href%3D%22%2Fcss%2Fstyle.css%22%3E%0A%20%20%20%20%3C%2Fhead%3E%0A%20%20%20%20%3Cbody%20class%3D%22home-page%22%3E%0A%20%20%20%20%20%20%20%20%3Cdiv%20class%3D%22viewport%22%3E%0A%20%20%20%20%20%20%20%20%20%20%20%20%3Cheader%20class%3D%22page-header%22%20data-region%3D%22pageHeaderRegion%22%3E%0A%0A%20%20%20%20%20%20%20%20%20%20%20%20%20%20%20%20%3Ca%20class%3D%22header-home-link%22%20href%3D%22%2F%22%20title%3D%22fourfivesix%20home%22%3E%0A%20%20%20%20%20%20%20%20%20%20%20%20%20%20%20%20%20%20%20home%0A%20%20%20%20%20%20%20%20%20%20%20%20%20%20%20%20%3C%2Fa%3E%0A%20%20%20%20%20%20%20%20%20%20%20%20%20%20%20%20%3Ch1%3Efourfivesix%3C%2Fh1%3E%0A%0A%20%20%20%20%20%20%20%20%20%20%20%20%3C%2Fheader%3E%0A%0A%20%20%20%20%20%20%20%20%20%20%20%20%3Cnav%20class%3D%22main-nav%22%20data-region%3D%22mainNavRegion%22%3E%3C%2Fnav%3E%0A%0A%20%20%20%20%20%20%20%20%20%20%20%20%3Cmain%20role%3D%22main%22%3E%0A%20%20%20%20%20%20%20%20%20%20%20%20%20%20%20%20%3Cdiv%20class%3D%22article-list-container%22%20data-region%3D%22articleListRegion%22%3E%0A%20%20%20%20%20%20%20%20%20%20%20%20%20%20%20%20%20%20%20%20%3Cul%3E%3Cli%3Etests%3C%2Fli%3E%3Cli%3Etest%202%3C%2Fli%3E%3C%2Ful%3E%0A%20%20%20%20%20%20%20%20%20%20%20%20%20%20%20%20%3C%2Fdiv%3E%0A%20%20%20%20%20%20%20%20%20%20%20%20%20%20%20%20%3Caside%20class%3D%22main-aside%22%20data-region%3D%22asideDataRegion%22%3E%3C%2Faside%3E%0A%20%20%20%20%20%20%20%20%20%20%20%20%3C%2Fmain%3E%0A%0A%20%20%20%20%20%20%20%20%20%20%20%20%3Cfooter%20class%3D%22page-footer%22%20data-region%3D%22pageFooterRegion%22%3E%3C%2Ffooter%3E%0A%20%20%20%20%20%20%20%20%3C%2Fdiv%3E%0A%20%20%20%20%20%20%20%20%3Cscript%20%3E%0A%20%20%20%20%20%20%20%20%20%20%20%20(function()%7B%0A%0A%20%20%20%20%20%20%20%20%20%20%20%20%20%20%20%20var%20script%20%3D%20document.createElement('script')%3B%0A%20%20%20%20%20%20%20%20%20%20%20%20%20%20%20%20script.async%20%3D%20true%3B%0A%20%20%20%20%20%20%20%20%20%20%20%20%20%20%20%20script.src%20%3D%20'%2Fscripts%2Fgraffiti.js'%3B%0A%0A%20%20%20%20%20%20%20%20%20%20%20%20%20%20%20%20var%20entry%20%3D%20document.getElementsByTagName('script')%5B0%5D%3B%0A%20%20%20%20%20%20%20%20%20%20%20%20%20%20%20%20entry.parentNode.insertBefore(script%2C%20entry)%3B%0A%0A%0A%20%20%20%20%20%20%20%20%20%20%20%20%7D())%3B%0A%20%20%20%20%20%20%20%20%3C%2Fscript%3E%0A%20%20%20%20%3C%2Fbody%3E%0A%3C%2Fhtml%3E","timestamp":"2013-09-23T00:48:31.313Z"}
{"level":"info","message":"getUserPosts 1: userId: 522c952266eeae5186000001","timestamp":"2013-09-23T00:54:57.641Z"}
{"level":"info","message":"getUserPosts 2: ","timestamp":"2013-09-23T00:54:57.641Z"}
{"level":"info","message":"getUserPosts 1: userId: 522c952266eeae5186000001","timestamp":"2013-09-23T02:47:41.547Z"}
{"level":"info","message":"getUserPosts 2: ","timestamp":"2013-09-23T02:47:41.547Z"}
{"level":"info","message":"getUserPosts 1: userId: 522c952266eeae5186000001","timestamp":"2013-09-23T02:50:54.570Z"}
{"level":"info","message":"getUserPosts 2: ","timestamp":"2013-09-23T02:50:54.570Z"}
{"level":"info","message":"getUserPosts 3: ","timestamp":"2013-09-23T02:50:54.575Z"}
{"level":"info","message":"getUserPosts 5: ","timestamp":"2013-09-23T02:50:54.575Z"}
{"level":"info","message":"getUserPosts 1: userId: 522c952266eeae5186000001","timestamp":"2013-09-23T02:52:17.700Z"}
{"level":"info","message":"getUserPosts 2: ","timestamp":"2013-09-23T02:52:17.700Z"}
{"level":"info","message":"getUserPosts 1: userId: 522c952266eeae5186000001","timestamp":"2013-09-23T02:53:14.841Z"}
{"level":"info","message":"getUserPosts 2: ","timestamp":"2013-09-23T02:53:14.841Z"}
{"level":"info","message":"getUserPosts 1: userId: 522c952266eeae5186000001","timestamp":"2013-09-24T02:49:40.071Z"}
{"level":"info","message":"getUserPosts 2: ","timestamp":"2013-09-24T02:49:40.071Z"}
{"level":"info","message":"getUserPosts 1: userId: 522c952266eeae5186000001","timestamp":"2013-09-24T02:52:29.581Z"}
{"level":"info","message":"getUserPosts 2: ","timestamp":"2013-09-24T02:52:29.581Z"}
{"level":"info","message":"getUserPosts 1: userId: 522c952266eeae5186000001","timestamp":"2013-09-25T02:46:59.363Z"}
{"level":"info","message":"getUserPosts 2: ","timestamp":"2013-09-25T02:46:59.363Z"}
{"level":"info","message":"|","timestamp":"2013-09-25T02:50:09.711Z"}
{"level":"info","message":"|","timestamp":"2013-09-25T02:50:09.713Z"}
{"level":"info","message":"| post_data  ApiKey=sdfaersdf23esdfa33adfasdfwdrrwdfs5&PostBody=%3C!DOCTYPE%20html%3E%0A%3Chtml%20xmlns%3D%22http%3A%2F%2Fwww.w3.org%2F1999%2Fxhtml%22%20%20lang%3D%22en%22%3E%0A%20%20%20%20%3Chead%3E%0A%0A%20%20%20%20%20%20%20%20%3Cmeta%20charset%3D%22utf-8%22%20%2F%3E%0A%20%20%20%20%20%20%20%20%3Cmeta%20name%3D%22viewport%22%20content%3D%22initial-scale%3D1.0%2C%20width%3Ddevice-width%22%3E%0A%0A%20%20%20%20%20%20%20%20%3Ctitle%3EHome%20%3A.%20fourfivesix.ca%3C%2Ftitle%3E%0A%0A%20%20%20%20%20%20%20%20%3Clink%20rel%3D%22stylesheet%22%20type%3D%22text%2Fcss%22%20href%3D%22%2Fcss%2Fstyle.css%22%3E%0A%20%20%20%20%3C%2Fhead%3E%0A%20%20%20%20%3Cbody%20class%3D%22home-page%22%3E%0A%20%20%20%20%20%20%20%20%3Cdiv%20class%3D%22viewport%22%3E%0A%20%20%20%20%20%20%20%20%20%20%20%20%3Cheader%20class%3D%22page-header%22%20data-region%3D%22pageHeaderRegion%22%3E%0A%0A%20%20%20%20%20%20%20%20%20%20%20%20%20%20%20%20%3Ca%20class%3D%22header-home-link%22%20href%3D%22%2F%22%20title%3D%22fourfivesix%20home%22%3E%0A%20%20%20%20%20%20%20%20%20%20%20%20%20%20%20%20%20%20%20home%0A%20%20%20%20%20%20%20%20%20%20%20%20%20%20%20%20%3C%2Fa%3E%0A%20%20%20%20%20%20%20%20%20%20%20%20%20%20%20%20%3Ch1%3Efourfivesix%3C%2Fh1%3E%0A%0A%20%20%20%20%20%20%20%20%20%20%20%20%3C%2Fheader%3E%0A%0A%20%20%20%20%20%20%20%20%20%20%20%20%3Cnav%20class%3D%22main-nav%22%20data-region%3D%22mainNavRegion%22%3E%3C%2Fnav%3E%0A%0A%20%20%20%20%20%20%20%20%20%20%20%20%3Cmain%20role%3D%22main%22%3E%0A%20%20%20%20%20%20%20%20%20%20%20%20%20%20%20%20%3Cdiv%20class%3D%22article-list-container%22%20data-region%3D%22articleListRegion%22%3E%0A%20%20%20%20%20%20%20%20%20%20%20%20%20%20%20%20%20%20%20%20%3Cul%3E%3Cli%3E%3Ca%20href%3D%22posts%2F2013%2F9%2Fsuper-test.html%22%3Esuper%20test%3C%2Fa%3E%3C%2Fli%3E%3Cli%3E%3Ca%20href%3D%22posts%2F2013%2F9%2Ftest.html%22%3Etest%3C%2Fa%3E%3C%2Fli%3E%3C%2Ful%3E%0A%20%20%20%20%20%20%20%20%20%20%20%20%20%20%20%20%3C%2Fdiv%3E%0A%20%20%20%20%20%20%20%20%20%20%20%20%20%20%20%20%3Caside%20class%3D%22main-aside%22%20data-region%3D%22asideDataRegion%22%3E%3C%2Faside%3E%0A%20%20%20%20%20%20%20%20%20%20%20%20%3C%2Fmain%3E%0A%0A%20%20%20%20%20%20%20%20%20%20%20%20%3Cfooter%20class%3D%22page-footer%22%20data-region%3D%22pageFooterRegion%22%3E%3C%2Ffooter%3E%0A%20%20%20%20%20%20%20%20%3C%2Fdiv%3E%0A%20%20%20%20%20%20%20%20%3Cscript%20data-appname%3D%22fourfivesix%22%3E%0A%20%20%20%20%20%20%20%20%20%20%20%20(function()%7B%0A%0A%20%20%20%20%20%20%20%20%20%20%20%20%20%20%20%20var%20script%20%3D%20document.createElement('script')%3B%0A%20%20%20%20%20%20%20%20%20%20%20%20%20%20%20%20script.async%20%3D%20true%3B%0A%20%20%20%20%20%20%20%20%20%20%20%20%20%20%20%20script.src%20%3D%20'%2Fscripts%2Fgraffiti.js'%3B%0A%0A%20%20%20%20%20%20%20%20%20%20%20%20%20%20%20%20var%20entry%20%3D%20document.getElementsByTagName('script')%5B0%5D%3B%0A%20%20%20%20%20%20%20%20%20%20%20%20%20%20%20%20entry.parentNode.insertBefore(script%2C%20entry)%3B%0A%0A%0A%20%20%20%20%20%20%20%20%20%20%20%20%7D())%3B%0A%20%20%20%20%20%20%20%20%3C%2Fscript%3E%0A%20%20%20%20%3C%2Fbody%3E%0A%3C%2Fhtml%3E","timestamp":"2013-09-25T02:50:09.714Z"}
{"level":"info","message":"|","timestamp":"2013-09-25T02:50:09.714Z"}
{"level":"info","message":"|","timestamp":"2013-09-25T02:50:09.714Z"}
{"level":"info","message":"|","timestamp":"2013-09-25T02:50:09.714Z"}
{"level":"info","message":"|","timestamp":"2013-09-25T02:50:09.714Z"}
{"level":"info","message":"| post_options  {\"host\":\"www.fourfivesix.ca\",\"port\":\"80\",\"path\":\"/homepage.php\",\"method\":\"POST\",\"headers\":{\"Content-Type\":\"application/x-www-form-urlencoded\",\"Content-Length\":3068}}","timestamp":"2013-09-25T02:50:09.714Z"}
{"level":"info","message":"|","timestamp":"2013-09-25T02:50:09.715Z"}
{"level":"info","message":"|","timestamp":"2013-09-25T02:50:09.715Z"}
{"level":"info","message":"POST REQ - ApiKey=sdfaersdf23esdfa33adfasdfwdrrwdfs5&PostBody=%3C!DOCTYPE%20html%3E%0A%3Chtml%20xmlns%3D%22http%3A%2F%2Fwww.w3.org%2F1999%2Fxhtml%22%20%20lang%3D%22en%22%3E%0A%20%20%20%20%3Chead%3E%0A%0A%20%20%20%20%20%20%20%20%3Cmeta%20charset%3D%22utf-8%22%20%2F%3E%0A%20%20%20%20%20%20%20%20%3Cmeta%20name%3D%22viewport%22%20content%3D%22initial-scale%3D1.0%2C%20width%3Ddevice-width%22%3E%0A%0A%20%20%20%20%20%20%20%20%3Ctitle%3EHome%20%3A.%20fourfivesix.ca%3C%2Ftitle%3E%0A%0A%20%20%20%20%20%20%20%20%3Clink%20rel%3D%22stylesheet%22%20type%3D%22text%2Fcss%22%20href%3D%22%2Fcss%2Fstyle.css%22%3E%0A%20%20%20%20%3C%2Fhead%3E%0A%20%20%20%20%3Cbody%20class%3D%22home-page%22%3E%0A%20%20%20%20%20%20%20%20%3Cdiv%20class%3D%22viewport%22%3E%0A%20%20%20%20%20%20%20%20%20%20%20%20%3Cheader%20class%3D%22page-header%22%20data-region%3D%22pageHeaderRegion%22%3E%0A%0A%20%20%20%20%20%20%20%20%20%20%20%20%20%20%20%20%3Ca%20class%3D%22header-home-link%22%20href%3D%22%2F%22%20title%3D%22fourfivesix%20home%22%3E%0A%20%20%20%20%20%20%20%20%20%20%20%20%20%20%20%20%20%20%20home%0A%20%20%20%20%20%20%20%20%20%20%20%20%20%20%20%20%3C%2Fa%3E%0A%20%20%20%20%20%20%20%20%20%20%20%20%20%20%20%20%3Ch1%3Efourfivesix%3C%2Fh1%3E%0A%0A%20%20%20%20%20%20%20%20%20%20%20%20%3C%2Fheader%3E%0A%0A%20%20%20%20%20%20%20%20%20%20%20%20%3Cnav%20class%3D%22main-nav%22%20data-region%3D%22mainNavRegion%22%3E%3C%2Fnav%3E%0A%0A%20%20%20%20%20%20%20%20%20%20%20%20%3Cmain%20role%3D%22main%22%3E%0A%20%20%20%20%20%20%20%20%20%20%20%20%20%20%20%20%3Cdiv%20class%3D%22article-list-container%22%20data-region%3D%22articleListRegion%22%3E%0A%20%20%20%20%20%20%20%20%20%20%20%20%20%20%20%20%20%20%20%20%3Cul%3E%3Cli%3E%3Ca%20href%3D%22posts%2F2013%2F9%2Fsuper-test.html%22%3Esuper%20test%3C%2Fa%3E%3C%2Fli%3E%3Cli%3E%3Ca%20href%3D%22posts%2F2013%2F9%2Ftest.html%22%3Etest%3C%2Fa%3E%3C%2Fli%3E%3C%2Ful%3E%0A%20%20%20%20%20%20%20%20%20%20%20%20%20%20%20%20%3C%2Fdiv%3E%0A%20%20%20%20%20%20%20%20%20%20%20%20%20%20%20%20%3Caside%20class%3D%22main-aside%22%20data-region%3D%22asideDataRegion%22%3E%3C%2Faside%3E%0A%20%20%20%20%20%20%20%20%20%20%20%20%3C%2Fmain%3E%0A%0A%20%20%20%20%20%20%20%20%20%20%20%20%3Cfooter%20class%3D%22page-footer%22%20data-region%3D%22pageFooterRegion%22%3E%3C%2Ffooter%3E%0A%20%20%20%20%20%20%20%20%3C%2Fdiv%3E%0A%20%20%20%20%20%20%20%20%3Cscript%20data-appname%3D%22fourfivesix%22%3E%0A%20%20%20%20%20%20%20%20%20%20%20%20(function()%7B%0A%0A%20%20%20%20%20%20%20%20%20%20%20%20%20%20%20%20var%20script%20%3D%20document.createElement('script')%3B%0A%20%20%20%20%20%20%20%20%20%20%20%20%20%20%20%20script.async%20%3D%20true%3B%0A%20%20%20%20%20%20%20%20%20%20%20%20%20%20%20%20script.src%20%3D%20'%2Fscripts%2Fgraffiti.js'%3B%0A%0A%20%20%20%20%20%20%20%20%20%20%20%20%20%20%20%20var%20entry%20%3D%20document.getElementsByTagName('script')%5B0%5D%3B%0A%20%20%20%20%20%20%20%20%20%20%20%20%20%20%20%20entry.parentNode.insertBefore(script%2C%20entry)%3B%0A%0A%0A%20%20%20%20%20%20%20%20%20%20%20%20%7D())%3B%0A%20%20%20%20%20%20%20%20%3C%2Fscript%3E%0A%20%20%20%20%3C%2Fbody%3E%0A%3C%2Fhtml%3E","timestamp":"2013-09-25T02:50:09.720Z"}
{"level":"info","message":"getUserPosts 1: userId: 522c952266eeae5186000001","timestamp":"2013-09-25T02:53:45.329Z"}
{"level":"info","message":"getUserPosts 2: ","timestamp":"2013-09-25T02:53:45.329Z"}
{"level":"info","message":"getUserPosts 1: userId: 522c952266eeae5186000001","timestamp":"2013-09-28T17:49:10.938Z"}
{"level":"info","message":"getUserPosts 2: ","timestamp":"2013-09-28T17:49:10.938Z"}
{"level":"info","message":"getUserPosts 1: userId: 522c952266eeae5186000001","timestamp":"2013-09-28T18:49:19.083Z"}
{"level":"info","message":"getUserPosts 2: ","timestamp":"2013-09-28T18:49:19.083Z"}
{"level":"info","message":"getUserPosts 3: ","timestamp":"2013-09-28T18:49:19.085Z"}
{"level":"info","message":"getUserPosts 5: ","timestamp":"2013-09-28T18:49:19.085Z"}
{"level":"info","message":"getUserPosts 1: userId: 522c952266eeae5186000001","timestamp":"2013-09-28T23:00:01.047Z"}
{"level":"info","message":"getUserPosts 2: ","timestamp":"2013-09-28T23:00:01.047Z"}
{"level":"info","message":"getUserPosts 1: userId: 522c952266eeae5186000001","timestamp":"2013-09-28T23:03:07.572Z"}
{"level":"info","message":"getUserPosts 2: ","timestamp":"2013-09-28T23:03:07.572Z"}
{"level":"info","message":"getUserPosts 1: userId: 5233f7a63c541dc79b000001","timestamp":"2013-09-28T23:04:59.408Z"}
{"level":"info","message":"getUserPosts 2: ","timestamp":"2013-09-28T23:04:59.408Z"}
{"level":"info","message":"getUserPosts 1: userId: 522c952266eeae5186000001","timestamp":"2013-09-28T23:07:34.322Z"}
{"level":"info","message":"getUserPosts 2: ","timestamp":"2013-09-28T23:07:34.323Z"}
{"level":"info","message":"getUserPosts 1: userId: 522c952266eeae5186000001","timestamp":"2013-09-28T23:09:38.240Z"}
{"level":"info","message":"getUserPosts 2: ","timestamp":"2013-09-28T23:09:38.241Z"}
{"level":"info","message":"getUserPosts 1: userId: 522c952266eeae5186000001","timestamp":"2013-09-28T23:13:33.255Z"}
{"level":"info","message":"getUserPosts 2: ","timestamp":"2013-09-28T23:13:33.256Z"}
{"level":"info","message":"getUserPosts 1: userId: 522c952266eeae5186000001","timestamp":"2013-09-28T23:15:22.121Z"}
{"level":"info","message":"getUserPosts 2: ","timestamp":"2013-09-28T23:15:22.122Z"}
{"level":"info","message":"getUserPosts 1: userId: 522c952266eeae5186000001","timestamp":"2013-09-28T23:18:45.540Z"}
{"level":"info","message":"getUserPosts 2: ","timestamp":"2013-09-28T23:18:45.540Z"}
{"level":"info","message":"getUserPosts 1: userId: 522c952266eeae5186000001","timestamp":"2013-09-28T23:33:05.441Z"}
{"level":"info","message":"getUserPosts 2: ","timestamp":"2013-09-28T23:33:05.441Z"}
{"level":"info","message":"getUserPosts 1: userId: 522c952266eeae5186000001","timestamp":"2013-09-28T23:36:08.142Z"}
{"level":"info","message":"getUserPosts 2: ","timestamp":"2013-09-28T23:36:08.142Z"}
{"level":"info","message":"getUserPosts 1: userId: 522c952266eeae5186000001","timestamp":"2013-09-28T23:55:07.394Z"}
{"level":"info","message":"getUserPosts 2: ","timestamp":"2013-09-28T23:55:07.395Z"}
{"level":"info","message":"getUserPosts 1: userId: 522c952266eeae5186000001","timestamp":"2013-09-28T23:57:28.466Z"}
{"level":"info","message":"getUserPosts 2: ","timestamp":"2013-09-28T23:57:28.466Z"}
{"level":"info","message":"getUserPosts 1: userId: 522c952266eeae5186000001","timestamp":"2013-09-28T23:59:17.407Z"}
{"level":"info","message":"getUserPosts 2: ","timestamp":"2013-09-28T23:59:17.407Z"}
{"level":"info","message":"getUserPosts 1: userId: 522c952266eeae5186000001","timestamp":"2013-09-29T01:04:26.660Z"}
{"level":"info","message":"getUserPosts 2: ","timestamp":"2013-09-29T01:04:26.660Z"}
{"level":"info","message":"getUserPosts 1: userId: 522c952266eeae5186000001","timestamp":"2013-09-29T01:37:13.184Z"}
{"level":"info","message":"getUserPosts 2: ","timestamp":"2013-09-29T01:37:13.184Z"}
{"level":"info","message":"getUserPosts 1: userId: 522c952266eeae5186000001","timestamp":"2013-09-29T01:39:35.141Z"}
{"level":"info","message":"getUserPosts 2: ","timestamp":"2013-09-29T01:39:35.141Z"}
{"level":"info","message":"getUserPosts 1: userId: 522c952266eeae5186000001","timestamp":"2013-09-29T01:43:17.541Z"}
{"level":"info","message":"getUserPosts 2: ","timestamp":"2013-09-29T01:43:17.542Z"}
{"level":"info","message":"getUserPosts 1: userId: 522c952266eeae5186000001","timestamp":"2013-09-29T01:47:47.104Z"}
{"level":"info","message":"getUserPosts 2: ","timestamp":"2013-09-29T01:47:47.104Z"}
{"level":"info","message":"getUserPosts 1: userId: 522c952266eeae5186000001","timestamp":"2013-09-29T01:52:03.179Z"}
{"level":"info","message":"getUserPosts 2: ","timestamp":"2013-09-29T01:52:03.179Z"}
{"level":"info","message":"getUserPosts 1: userId: 522c952266eeae5186000001","timestamp":"2013-09-29T02:02:13.602Z"}
{"level":"info","message":"getUserPosts 2: ","timestamp":"2013-09-29T02:02:13.602Z"}
{"level":"info","message":"getUserPosts 1: userId: 522c952266eeae5186000001","timestamp":"2013-09-29T02:04:50.366Z"}
{"level":"info","message":"getUserPosts 2: ","timestamp":"2013-09-29T02:04:50.366Z"}
{"level":"info","message":"getUserPosts 1: userId: 522c952266eeae5186000001","timestamp":"2013-09-29T02:07:54.292Z"}
{"level":"info","message":"getUserPosts 2: ","timestamp":"2013-09-29T02:07:54.293Z"}
{"level":"info","message":"getUserPosts 1: userId: 522c952266eeae5186000001","timestamp":"2013-09-29T02:09:44.414Z"}
{"level":"info","message":"getUserPosts 2: ","timestamp":"2013-09-29T02:09:44.415Z"}
{"level":"info","message":"getUserPosts 1: userId: 522c952266eeae5186000001","timestamp":"2013-09-29T06:04:24.088Z"}
{"level":"info","message":"getUserPosts 2: ","timestamp":"2013-09-29T06:04:24.088Z"}
{"level":"info","message":"getUserPosts 1: userId: 522c952266eeae5186000001","timestamp":"2013-09-29T08:17:10.839Z"}
{"level":"info","message":"getUserPosts 2: ","timestamp":"2013-09-29T08:17:10.839Z"}
{"level":"info","message":"getUserPosts 1: userId: 522c952266eeae5186000001","timestamp":"2013-09-29T14:38:55.013Z"}
{"level":"info","message":"getUserPosts 2: ","timestamp":"2013-09-29T14:38:55.014Z"}
